<?xml version="1.0" encoding="UTF-8"?>
<coverage generated="1729216540247" clover="3.2.0">
  <project timestamp="1729216540247" name="All files">
    <metrics statements="23" coveredstatements="13" conditionals="0" coveredconditionals="0" methods="10" coveredmethods="0" elements="33" coveredelements="13" complexity="0" loc="23" ncloc="23" packages="1" files="1" classes="1"/>
    <file name="index.tsx" path="/Users/lamnt/Desktop/react-native-crypto-algorithm/src/index.tsx">
      <metrics statements="23" coveredstatements="13" conditionals="0" coveredconditionals="0" methods="10" coveredmethods="0"/>
      <line num="1" count="1" type="stmt"/>
      <line num="3" count="1" type="stmt"/>
      <line num="6" count="1" type="stmt"/>
      <line num="7" count="0" type="stmt"/>
      <line num="10" count="1" type="stmt"/>
      <line num="11" count="0" type="stmt"/>
      <line num="14" count="1" type="stmt"/>
      <line num="15" count="0" type="stmt"/>
      <line num="18" count="1" type="stmt"/>
      <line num="19" count="0" type="stmt"/>
      <line num="22" count="1" type="stmt"/>
      <line num="23" count="0" type="stmt"/>
      <line num="26" count="1" type="stmt"/>
      <line num="27" count="0" type="stmt"/>
      <line num="30" count="1" type="stmt"/>
      <line num="31" count="0" type="stmt"/>
      <line num="34" count="1" type="stmt"/>
      <line num="35" count="0" type="stmt"/>
      <line num="38" count="1" type="stmt"/>
      <line num="39" count="0" type="stmt"/>
      <line num="42" count="1" type="stmt"/>
      <line num="43" count="0" type="stmt"/>
      <line num="45" count="1" type="stmt"/>
    </file>
  </project>
</coverage>
