{"/Users/lamnt/Desktop/react-native-crypto-algorithm/src/index.tsx": {"path":"/Users/lamnt/Desktop/react-native-crypto-algorithm/src/index.tsx","statementMap":{"0":{"start":{"line":1,"column":0},"end":{"line":1,"column":null}},"1":{"start":{"line":3,"column":30},"end":{"line":3,"column":59}},"2":{"start":{"line":6,"column":23},"end":{"line":8,"column":3}},"3":{"start":{"line":7,"column":4},"end":{"line":7,"column":null}},"4":{"start":{"line":10,"column":22},"end":{"line":12,"column":3}},"5":{"start":{"line":11,"column":4},"end":{"line":11,"column":null}},"6":{"start":{"line":14,"column":22},"end":{"line":16,"column":3}},"7":{"start":{"line":15,"column":4},"end":{"line":15,"column":null}},"8":{"start":{"line":18,"column":25},"end":{"line":20,"column":3}},"9":{"start":{"line":19,"column":4},"end":{"line":19,"column":null}},"10":{"start":{"line":22,"column":22},"end":{"line":24,"column":3}},"11":{"start":{"line":23,"column":4},"end":{"line":23,"column":null}},"12":{"start":{"line":26,"column":22},"end":{"line":28,"column":3}},"13":{"start":{"line":27,"column":4},"end":{"line":27,"column":null}},"14":{"start":{"line":30,"column":28},"end":{"line":32,"column":3}},"15":{"start":{"line":31,"column":4},"end":{"line":31,"column":null}},"16":{"start":{"line":34,"column":26},"end":{"line":36,"column":3}},"17":{"start":{"line":35,"column":4},"end":{"line":35,"column":null}},"18":{"start":{"line":38,"column":26},"end":{"line":40,"column":3}},"19":{"start":{"line":39,"column":4},"end":{"line":39,"column":null}},"20":{"start":{"line":42,"column":22},"end":{"line":44,"column":3}},"21":{"start":{"line":43,"column":4},"end":{"line":43,"column":null}},"22":{"start":{"line":45,"column":1},"end":{"line":45,"column":null}}},"fnMap":{"0":{"name":"(anonymous_0)","decl":{"start":{"line":6,"column":23},"end":{"line":6,"column":36}},"loc":{"start":{"line":6,"column":41},"end":{"line":8,"column":3}}},"1":{"name":"(anonymous_1)","decl":{"start":{"line":10,"column":22},"end":{"line":10,"column":23}},"loc":{"start":{"line":10,"column":76},"end":{"line":12,"column":3}}},"2":{"name":"(anonymous_2)","decl":{"start":{"line":14,"column":22},"end":{"line":14,"column":23}},"loc":{"start":{"line":14,"column":76},"end":{"line":16,"column":3}}},"3":{"name":"(anonymous_3)","decl":{"start":{"line":18,"column":25},"end":{"line":18,"column":31}},"loc":{"start":{"line":18,"column":31},"end":{"line":20,"column":3}}},"4":{"name":"(anonymous_4)","decl":{"start":{"line":22,"column":22},"end":{"line":22,"column":23}},"loc":{"start":{"line":22,"column":60},"end":{"line":24,"column":3}}},"5":{"name":"(anonymous_5)","decl":{"start":{"line":26,"column":22},"end":{"line":26,"column":23}},"loc":{"start":{"line":26,"column":58},"end":{"line":28,"column":3}}},"6":{"name":"(anonymous_6)","decl":{"start":{"line":30,"column":28},"end":{"line":30,"column":34}},"loc":{"start":{"line":30,"column":34},"end":{"line":32,"column":3}}},"7":{"name":"(anonymous_7)","decl":{"start":{"line":34,"column":26},"end":{"line":34,"column":27}},"loc":{"start":{"line":34,"column":64},"end":{"line":36,"column":3}}},"8":{"name":"(anonymous_8)","decl":{"start":{"line":38,"column":26},"end":{"line":38,"column":27}},"loc":{"start":{"line":38,"column":62},"end":{"line":40,"column":3}}},"9":{"name":"(anonymous_9)","decl":{"start":{"line":42,"column":22},"end":{"line":42,"column":23}},"loc":{"start":{"line":42,"column":61},"end":{"line":44,"column":3}}}},"branchMap":{},"s":{"0":1,"1":1,"2":1,"3":0,"4":1,"5":0,"6":1,"7":0,"8":1,"9":0,"10":1,"11":0,"12":1,"13":0,"14":1,"15":0,"16":1,"17":0,"18":1,"19":0,"20":1,"21":0,"22":1},"f":{"0":0,"1":0,"2":0,"3":0,"4":0,"5":0,"6":0,"7":0,"8":0,"9":0},"b":{}}
}
